{"/home/johnny/Desktop/gitHub/typescript/InitTS/src/models/User.ts": {"path":"/home/johnny/Desktop/gitHub/typescript/InitTS/src/models/User.ts","statementMap":{"0":{"start":{"line":25,"column":4},"end":{"line":25,"column":21}},"1":{"start":{"line":26,"column":4},"end":{"line":26,"column":23}},"2":{"start":{"line":27,"column":4},"end":{"line":27,"column":29}},"3":{"start":{"line":28,"column":4},"end":{"line":28,"column":17}},"4":{"start":{"line":29,"column":4},"end":{"line":29,"column":19}},"5":{"start":{"line":30,"column":4},"end":{"line":30,"column":21}},"6":{"start":{"line":31,"column":4},"end":{"line":31,"column":31}},"7":{"start":{"line":1,"column":0},"end":{"line":1,"column":21}}},"fnMap":{"0":{"name":"(anonymous_0)","decl":{"start":{"line":16,"column":2},"end":{"line":16,"column":null}},"loc":{"start":{"line":23,"column":22},"end":{"line":32,"column":3}}}},"branchMap":{},"s":{"0":2,"1":2,"2":2,"3":2,"4":2,"5":2,"6":2,"7":1},"f":{"0":2},"b":{}}
}
